[2022-06-24 15:18:57,902]-[1]-[INFO]-[YYF100.Program+StartService]-[Start] -> Starting log.Info....
[2022-06-24 15:18:57,950]-[1]-[ERROR]-[YYF100.Program+StartService]-[Start] -> Starting log.Error....
[2022-06-24 15:19:04,896]-[1]-[INFO]-[YYF100.Program+StartService]-[Stop] -> Stopping log.Info....
[2022-06-24 15:19:04,896]-[1]-[ERROR]-[YYF100.Program+StartService]-[Stop] -> Stopping log.Error....
[2022-06-24 22:46:50,249]-[1]-[INFO]-[YYF100.Program+StartService]-[Start] -> Starting log.Info....
[2022-06-24 22:46:50,260]-[1]-[ERROR]-[YYF100.Program+StartService]-[Start] -> Starting log.Error....
[2022-06-24 22:46:54,011]-[1]-[INFO]-[YYF100.FrmMain]-[WriteLog] -> 阅读器打开成功，串口号：COM10
[2022-06-24 22:46:56,077]-[1]-[INFO]-[YYF100.FrmMain]-[WriteLog] -> 关闭阅读器：
[2022-06-24 22:46:56,124]-[1]-[INFO]-[YYF100.FrmMain]-[WriteLog] -> 阅读器本地网络参数设置失败：
[2022-06-24 22:46:56,125]-[1]-[ERROR]-[YYF100.FrmMain]-[WriteLog] -> 获取协议失败：
[2022-06-24 22:47:51,084]-[1]-[INFO]-[YYF100.FrmMain]-[WriteLog] -> 阅读器打开成功，串口号：COM10
[2022-06-24 22:47:51,225]-[1]-[INFO]-[YYF100.FrmMain]-[WriteLog] -> 获取设备参数
[2022-06-24 22:47:51,300]-[1]-[INFO]-[YYF100.FrmMain]-[WriteLog] -> 读取参数成功
[2022-06-24 22:47:53,271]-[1]-[INFO]-[YYF100.Program+StartService]-[Stop] -> Stopping log.Info....
[2022-06-24 22:47:53,271]-[1]-[ERROR]-[YYF100.Program+StartService]-[Stop] -> Stopping log.Error....
[2022-06-24 22:49:03,346]-[1]-[INFO]-[YYF100.Program+StartService]-[Start] -> Starting log.Info....
[2022-06-24 22:49:03,359]-[1]-[ERROR]-[YYF100.Program+StartService]-[Start] -> Starting log.Error....
[2022-06-24 22:49:06,960]-[1]-[INFO]-[YYF100.FrmMain]-[WriteLog] -> 阅读器打开成功，串口号：COM10
[2022-06-24 22:49:07,056]-[1]-[INFO]-[YYF100.FrmMain]-[WriteLog] -> 获取设备参数
[2022-06-24 22:49:07,095]-[1]-[INFO]-[YYF100.FrmMain]-[WriteLog] -> 读取参数成功
[2022-06-24 22:49:08,886]-[1]-[INFO]-[YYF100.Program+StartService]-[Stop] -> Stopping log.Info....
[2022-06-24 22:49:08,887]-[1]-[ERROR]-[YYF100.Program+StartService]-[Stop] -> Stopping log.Error....
[2022-06-24 22:49:46,327]-[1]-[INFO]-[YYF100.Program+StartService]-[Start] -> Starting log.Info....
[2022-06-24 22:49:46,341]-[1]-[ERROR]-[YYF100.Program+StartService]-[Start] -> Starting log.Error....
[2022-06-24 22:49:56,022]-[1]-[INFO]-[YYF100.Program+StartService]-[Stop] -> Stopping log.Info....
[2022-06-24 22:49:56,023]-[1]-[ERROR]-[YYF100.Program+StartService]-[Stop] -> Stopping log.Error....
[2022-06-24 22:50:18,169]-[1]-[INFO]-[YYF100.Program+StartService]-[Start] -> Starting log.Info....
[2022-06-24 22:50:18,180]-[1]-[ERROR]-[YYF100.Program+StartService]-[Start] -> Starting log.Error....
[2022-06-24 22:50:22,467]-[1]-[INFO]-[YYF100.Program+StartService]-[Stop] -> Stopping log.Info....
[2022-06-24 22:50:22,467]-[1]-[ERROR]-[YYF100.Program+StartService]-[Stop] -> Stopping log.Error....
