[2022-06-23 17:16:25,281]-[1]-[INFO]-[YYF100.Program+StartService]-[Start] -> Starting log.Info....
[2022-06-23 17:16:25,302]-[1]-[ERROR]-[YYF100.Program+StartService]-[Start] -> Starting log.Error....
[2022-06-23 17:16:27,782]-[1]-[INFO]-[YYF100.FrmMain]-[WriteLog] -> 阅读器打开成功，串口号：COM10
[2022-06-23 17:16:27,865]-[1]-[INFO]-[YYF100.FrmMain]-[WriteLog] -> 获取设备参数
[2022-06-23 17:16:27,896]-[1]-[INFO]-[YYF100.FrmMain]-[WriteLog] -> 读取参数成功
[2022-06-23 17:16:29,058]-[1]-[INFO]-[YYF100.FrmMain]-[WriteLog] -> 关闭阅读器：
[2022-06-23 17:16:29,905]-[1]-[INFO]-[YYF100.Program+StartService]-[Stop] -> Stopping log.Info....
[2022-06-23 17:16:29,906]-[1]-[ERROR]-[YYF100.Program+StartService]-[Stop] -> Stopping log.Error....
[2022-06-23 17:33:12,471]-[1]-[INFO]-[YYF100.Program+StartService]-[Start] -> Starting log.Info....
[2022-06-23 17:33:12,486]-[1]-[ERROR]-[YYF100.Program+StartService]-[Start] -> Starting log.Error....
[2022-06-23 17:33:16,481]-[1]-[INFO]-[YYF100.FrmMain]-[WriteLog] -> 阅读器打开成功，串口号：COM10
[2022-06-23 17:33:18,543]-[1]-[INFO]-[YYF100.FrmMain]-[WriteLog] -> 关闭阅读器：
[2022-06-23 17:33:18,588]-[1]-[INFO]-[YYF100.FrmMain]-[WriteLog] -> 断开阅读器连接
[2022-06-23 17:33:18,590]-[1]-[ERROR]-[YYF100.FrmMain]-[WriteLog] -> 获取协议失败：
[2022-06-23 17:33:21,770]-[1]-[INFO]-[YYF100.Program+StartService]-[Stop] -> Stopping log.Info....
[2022-06-23 17:33:21,770]-[1]-[ERROR]-[YYF100.Program+StartService]-[Stop] -> Stopping log.Error....
[2022-06-23 17:34:00,463]-[1]-[INFO]-[YYF100.Program+StartService]-[Start] -> Starting log.Info....
[2022-06-23 17:34:00,477]-[1]-[ERROR]-[YYF100.Program+StartService]-[Start] -> Starting log.Error....
[2022-06-23 17:34:07,303]-[1]-[INFO]-[YYF100.FrmMain]-[WriteLog] -> 阅读器打开成功，串口号：COM10
[2022-06-23 17:34:07,391]-[1]-[INFO]-[YYF100.FrmMain]-[WriteLog] -> 获取设备参数
[2022-06-23 17:34:07,424]-[1]-[INFO]-[YYF100.FrmMain]-[WriteLog] -> 读取参数成功
[2022-06-23 17:34:15,344]-[1]-[ERROR]-[YYF100.FrmMain]-[WriteLog] -> 获取阅读器本地高级参数失败
[2022-06-23 17:34:21,555]-[1]-[INFO]-[YYF100.FrmMain]-[WriteLog] -> 获取设备参数
[2022-06-23 17:34:21,702]-[1]-[INFO]-[YYF100.FrmMain]-[WriteLog] -> 设置参数成功:
[2022-06-23 17:34:23,432]-[1]-[INFO]-[YYF100.FrmMain]-[WriteLog] -> 开始获取阅读器本地高级参数
[2022-06-23 17:34:23,449]-[1]-[ERROR]-[YYF100.FrmMain]-[WriteLog] -> 获取阅读器本地高级参数成功
[2022-06-23 17:34:26,776]-[1]-[INFO]-[YYF100.FrmMain]-[WriteLog] -> 开始获取阅读器本地高级参数
[2022-06-23 17:34:26,777]-[1]-[ERROR]-[YYF100.FrmMain]-[WriteLog] -> 获取阅读器本地高级参数成功
[2022-06-23 17:34:27,152]-[1]-[INFO]-[YYF100.FrmMain]-[WriteLog] -> 开始获取阅读器本地高级参数
[2022-06-23 17:34:27,156]-[1]-[ERROR]-[YYF100.FrmMain]-[WriteLog] -> 获取阅读器本地高级参数成功
[2022-06-23 17:34:33,116]-[1]-[INFO]-[YYF100.FrmMain]-[WriteLog] -> 开始获取阅读器本地高级参数
[2022-06-23 17:34:33,129]-[1]-[ERROR]-[YYF100.FrmMain]-[WriteLog] -> 获取阅读器本地高级参数成功
[2022-06-23 17:34:33,911]-[1]-[INFO]-[YYF100.FrmMain]-[WriteLog] -> 开始获取阅读器本地高级参数
[2022-06-23 17:34:33,913]-[1]-[ERROR]-[YYF100.FrmMain]-[WriteLog] -> 获取阅读器本地高级参数成功
[2022-06-23 17:35:09,395]-[1]-[INFO]-[YYF100.Program+StartService]-[Stop] -> Stopping log.Info....
[2022-06-23 17:35:09,395]-[1]-[ERROR]-[YYF100.Program+StartService]-[Stop] -> Stopping log.Error....
[2022-06-23 17:35:39,965]-[1]-[INFO]-[YYF100.Program+StartService]-[Start] -> Starting log.Info....
[2022-06-23 17:35:39,975]-[1]-[ERROR]-[YYF100.Program+StartService]-[Start] -> Starting log.Error....
[2022-06-23 17:35:43,777]-[1]-[INFO]-[YYF100.FrmMain]-[WriteLog] -> 阅读器打开成功，串口号：COM10
[2022-06-23 17:35:43,867]-[1]-[INFO]-[YYF100.FrmMain]-[WriteLog] -> 获取设备参数
[2022-06-23 17:35:43,888]-[1]-[INFO]-[YYF100.FrmMain]-[WriteLog] -> 读取参数成功
[2022-06-23 17:35:45,810]-[1]-[INFO]-[YYF100.Program+StartService]-[Stop] -> Stopping log.Info....
[2022-06-23 17:35:45,810]-[1]-[ERROR]-[YYF100.Program+StartService]-[Stop] -> Stopping log.Error....
[2022-06-23 17:37:32,484]-[1]-[INFO]-[YYF100.Program+StartService]-[Start] -> Starting log.Info....
[2022-06-23 17:37:32,495]-[1]-[ERROR]-[YYF100.Program+StartService]-[Start] -> Starting log.Error....
[2022-06-23 17:37:36,176]-[1]-[INFO]-[YYF100.Program+StartService]-[Stop] -> Stopping log.Info....
[2022-06-23 17:37:36,176]-[1]-[ERROR]-[YYF100.Program+StartService]-[Stop] -> Stopping log.Error....
[2022-06-23 19:30:26,907]-[1]-[INFO]-[YYF100.Program+StartService]-[Start] -> Starting log.Info....
[2022-06-23 19:30:26,972]-[1]-[ERROR]-[YYF100.Program+StartService]-[Start] -> Starting log.Error....
[2022-06-23 19:30:32,540]-[1]-[INFO]-[YYF100.FrmMain]-[WriteLog] -> 阅读器打开成功，串口号：COM10
[2022-06-23 19:30:34,614]-[1]-[INFO]-[YYF100.FrmMain]-[WriteLog] -> 关闭阅读器：
[2022-06-23 19:30:34,668]-[1]-[INFO]-[YYF100.FrmMain]-[WriteLog] -> 断开阅读器连接
[2022-06-23 19:30:34,670]-[1]-[ERROR]-[YYF100.FrmMain]-[WriteLog] -> 获取协议失败：
[2022-06-23 19:30:48,261]-[1]-[INFO]-[YYF100.FrmMain]-[WriteLog] -> 阅读器打开成功，串口号：COM10
[2022-06-23 19:30:50,337]-[1]-[INFO]-[YYF100.FrmMain]-[WriteLog] -> 关闭阅读器：
[2022-06-23 19:30:50,383]-[1]-[INFO]-[YYF100.FrmMain]-[WriteLog] -> 断开阅读器连接
[2022-06-23 19:30:50,386]-[1]-[ERROR]-[YYF100.FrmMain]-[WriteLog] -> 获取协议失败：
[2022-06-23 19:30:52,084]-[1]-[INFO]-[YYF100.FrmMain]-[WriteLog] -> 关闭阅读器：
[2022-06-23 19:30:52,421]-[1]-[INFO]-[YYF100.FrmMain]-[WriteLog] -> 阅读器打开成功，串口号：COM10
[2022-06-23 19:30:52,515]-[1]-[INFO]-[YYF100.FrmMain]-[WriteLog] -> 获取设备参数
[2022-06-23 19:30:52,565]-[1]-[INFO]-[YYF100.FrmMain]-[WriteLog] -> 读取参数成功
[2022-06-23 19:32:30,982]-[1]-[INFO]-[YYF100.Program+StartService]-[Stop] -> Stopping log.Info....
[2022-06-23 19:32:30,983]-[1]-[ERROR]-[YYF100.Program+StartService]-[Stop] -> Stopping log.Error....
[2022-06-23 20:44:04,315]-[1]-[INFO]-[YYF100.Program+StartService]-[Start] -> Starting log.Info....
[2022-06-23 20:44:04,412]-[1]-[ERROR]-[YYF100.Program+StartService]-[Start] -> Starting log.Error....
[2022-06-23 20:44:09,492]-[1]-[INFO]-[YYF100.FrmMain]-[WriteLog] -> 阅读器打开成功，串口号：COM10
[2022-06-23 20:44:09,574]-[1]-[INFO]-[YYF100.FrmMain]-[WriteLog] -> 获取设备参数
[2022-06-23 20:44:09,606]-[1]-[INFO]-[YYF100.FrmMain]-[WriteLog] -> 读取参数成功
[2022-06-23 20:44:14,377]-[1]-[INFO]-[YYF100.FrmMain]-[WriteLog] -> 开始获取阅读器本地高级参数
[2022-06-23 20:44:14,386]-[1]-[INFO]-[YYF100.FrmMain]-[WriteLog] -> 获取阅读器本地高级参数成功
[2022-06-23 20:44:33,740]-[1]-[INFO]-[YYF100.FrmMain]-[WriteLog] -> 获取阅读器本地高级参数失败FF FF FF FF
[2022-06-23 20:44:33,786]-[1]-[INFO]-[YYF100.FrmMain]-[WriteLog] -> 阅读器本地高级参数设置成功
[2022-06-23 20:44:34,362]-[1]-[INFO]-[YYF100.FrmMain]-[WriteLog] -> 开始获取阅读器本地高级参数
[2022-06-23 20:44:34,363]-[1]-[INFO]-[YYF100.FrmMain]-[WriteLog] -> 获取阅读器本地高级参数成功
[2022-06-23 20:44:37,030]-[1]-[ERROR]-[YYF100.FrmMain]-[WriteLog] -> 获取阅读器本地高级参数失败
