[2022-06-25 09:34:56,268]-[1]-[INFO]-[YYF100.Program+StartService]-[Start] -> Starting log.Info....
[2022-06-25 09:34:56,313]-[1]-[ERROR]-[YYF100.Program+StartService]-[Start] -> Starting log.Error....
[2022-06-25 09:36:07,094]-[1]-[INFO]-[YYF100.FrmMain]-[WriteLog] -> COM10
[2022-06-25 09:36:07,294]-[1]-[INFO]-[YYF100.FrmMain]-[WriteLog] -> 
[2022-06-25 09:36:07,392]-[1]-[INFO]-[YYF100.FrmMain]-[WriteLog] -> 
[2022-06-25 09:36:46,178]-[1]-[INFO]-[YYF100.Program+StartService]-[Stop] -> Stopping log.Info....
[2022-06-25 09:36:46,178]-[1]-[ERROR]-[YYF100.Program+StartService]-[Stop] -> Stopping log.Error....
[2022-06-25 09:36:55,889]-[1]-[INFO]-[YYF100.Program+StartService]-[Start] -> Starting log.Info....
[2022-06-25 09:36:55,903]-[1]-[ERROR]-[YYF100.Program+StartService]-[Start] -> Starting log.Error....
[2022-06-25 09:37:07,270]-[1]-[INFO]-[YYF100.Program+StartService]-[Stop] -> Stopping log.Info....
[2022-06-25 09:37:07,270]-[1]-[ERROR]-[YYF100.Program+StartService]-[Stop] -> Stopping log.Error....
[2022-06-25 09:38:19,031]-[1]-[INFO]-[YYF100.Program+StartService]-[Start] -> Starting log.Info....
[2022-06-25 09:38:19,041]-[1]-[ERROR]-[YYF100.Program+StartService]-[Start] -> Starting log.Error....
[2022-06-25 09:38:24,954]-[1]-[INFO]-[YYF100.Program+StartService]-[Stop] -> Stopping log.Info....
[2022-06-25 09:38:24,954]-[1]-[ERROR]-[YYF100.Program+StartService]-[Stop] -> Stopping log.Error....
[2022-06-25 09:59:44,645]-[1]-[INFO]-[YYF100.Program+StartService]-[Start] -> Starting log.Info....
[2022-06-25 09:59:44,655]-[1]-[ERROR]-[YYF100.Program+StartService]-[Start] -> Starting log.Error....
[2022-06-25 09:59:48,973]-[1]-[INFO]-[YYF100.FrmMain]-[WriteLog] -> 阅读器打开成功，串口号：COM10
[2022-06-25 09:59:49,059]-[1]-[INFO]-[YYF100.FrmMain]-[WriteLog] -> 获取设备参数
[2022-06-25 09:59:49,090]-[1]-[INFO]-[YYF100.FrmMain]-[WriteLog] -> 读取参数成功
[2022-06-25 09:59:56,352]-[1]-[INFO]-[YYF100.Program+StartService]-[Stop] -> Stopping log.Info....
[2022-06-25 09:59:56,352]-[1]-[ERROR]-[YYF100.Program+StartService]-[Stop] -> Stopping log.Error....
[2022-06-25 09:59:58,375]-[1]-[INFO]-[YYF100.Program+StartService]-[Start] -> Starting log.Info....
[2022-06-25 09:59:58,384]-[1]-[ERROR]-[YYF100.Program+StartService]-[Start] -> Starting log.Error....
[2022-06-25 10:00:04,348]-[1]-[INFO]-[YYF100.Program+StartService]-[Stop] -> Stopping log.Info....
[2022-06-25 10:00:04,348]-[1]-[ERROR]-[YYF100.Program+StartService]-[Stop] -> Stopping log.Error....
[2022-06-25 10:00:05,716]-[1]-[INFO]-[YYF100.Program+StartService]-[Start] -> Starting log.Info....
[2022-06-25 10:00:05,726]-[1]-[ERROR]-[YYF100.Program+StartService]-[Start] -> Starting log.Error....
[2022-06-25 10:00:10,147]-[1]-[INFO]-[YYF100.FrmMain]-[WriteLog] -> The reader is opened successfully, the serial port number：COM10
[2022-06-25 10:00:10,245]-[1]-[INFO]-[YYF100.FrmMain]-[WriteLog] -> Get device parameters
[2022-06-25 10:00:10,275]-[1]-[INFO]-[YYF100.FrmMain]-[WriteLog] -> Read parameters successfully
[2022-06-25 10:00:20,495]-[1]-[INFO]-[YYF100.Program+StartService]-[Stop] -> Stopping log.Info....
[2022-06-25 10:00:20,495]-[1]-[ERROR]-[YYF100.Program+StartService]-[Stop] -> Stopping log.Error....
