[2025-10-15 10:42:05,907]-[1]-[INFO]-[YYF100.Program+StartService]-[Start] -> Starting log.Info....
[2025-10-15 10:42:05,916]-[1]-[ERROR]-[YYF100.Program+StartService]-[Start] -> Starting log.Error....
[2025-10-15 10:42:09,120]-[1]-[INFO]-[YYF100.Program+StartService]-[Stop] -> Stopping log.Info....
[2025-10-15 10:42:09,120]-[1]-[ERROR]-[YYF100.Program+StartService]-[Stop] -> Stopping log.Error....
[2025-10-15 13:32:57,202]-[1]-[INFO]-[YYF100.Program+StartService]-[Start] -> Starting log.Info....
[2025-10-15 13:32:57,214]-[1]-[ERROR]-[YYF100.Program+StartService]-[Start] -> Starting log.Error....
[2025-10-15 13:33:01,284]-[1]-[INFO]-[YYF100.FrmMain]-[WriteLog] -> 阅读器打开成功，串口号：COM4
[2025-10-15 13:33:01,625]-[1]-[INFO]-[YYF100.FrmMain]-[WriteLog] -> 获取设备参数
[2025-10-15 13:33:02,407]-[1]-[INFO]-[YYF100.FrmMain]-[WriteLog] -> 读取参数成功
[2025-10-15 13:33:05,614]-[1]-[INFO]-[YYF100.FrmMain]-[WriteLog] -> 开始获取阅读器本地高级参数
[2025-10-15 13:33:06,314]-[1]-[INFO]-[YYF100.FrmMain]-[WriteLog] -> 获取阅读器本地高级参数成功
[2025-10-15 13:33:10,361]-[1]-[INFO]-[YYF100.FrmMain]-[WriteLog] -> 阅读器本地高级参数设置成功
[2025-10-15 13:33:15,430]-[1]-[INFO]-[YYF100.FrmMain]-[WriteLog] -> 阅读器本地高级参数设置成功
[2025-10-15 13:33:18,224]-[1]-[INFO]-[YYF100.FrmMain]-[WriteLog] -> 关闭阅读器
[2025-10-15 13:33:27,155]-[1]-[ERROR]-[YYF100.FrmMain]-[WriteLog] -> 阅读器打开失败：
[2025-10-15 13:33:36,893]-[1]-[ERROR]-[YYF100.FrmMain]-[WriteLog] -> 阅读器打开失败：
[2025-10-15 13:33:40,144]-[1]-[INFO]-[YYF100.FrmMain]-[WriteLog] -> 阅读器打开成功，串口号：COM3
[2025-10-15 13:33:40,312]-[1]-[INFO]-[YYF100.FrmMain]-[WriteLog] -> 获取设备参数
[2025-10-15 13:33:40,396]-[1]-[INFO]-[YYF100.FrmMain]-[WriteLog] -> 读取参数成功
[2025-10-15 13:33:42,389]-[1]-[INFO]-[YYF100.FrmMain]-[WriteLog] -> 获取设备参数
[2025-10-15 13:33:42,437]-[1]-[INFO]-[YYF100.FrmMain]-[WriteLog] -> 读取参数成功
[2025-10-15 13:33:47,297]-[1]-[INFO]-[YYF100.FrmMain]-[WriteLog] -> 关闭阅读器
[2025-10-15 13:33:49,060]-[1]-[INFO]-[YYF100.Program+StartService]-[Stop] -> Stopping log.Info....
[2025-10-15 13:33:49,061]-[1]-[ERROR]-[YYF100.Program+StartService]-[Stop] -> Stopping log.Error....
[2025-10-15 13:34:04,119]-[1]-[INFO]-[YYF100.Program+StartService]-[Start] -> Starting log.Info....
[2025-10-15 13:34:04,128]-[1]-[ERROR]-[YYF100.Program+StartService]-[Start] -> Starting log.Error....
[2025-10-15 13:34:22,499]-[1]-[ERROR]-[YYF100.FrmMain]-[WriteLog] -> 阅读器打开失败：
[2025-10-15 13:34:25,862]-[1]-[INFO]-[YYF100.FrmMain]-[WriteLog] -> 阅读器打开成功，串口号：COM4
[2025-10-15 13:34:26,592]-[1]-[INFO]-[YYF100.FrmMain]-[WriteLog] -> 获取设备参数
[2025-10-15 13:34:26,719]-[1]-[INFO]-[YYF100.FrmMain]-[WriteLog] -> 读取参数成功
[2025-10-15 13:34:33,467]-[1]-[INFO]-[YYF100.FrmMain]-[WriteLog] -> 开始获取阅读器本地高级参数
[2025-10-15 13:34:33,705]-[1]-[INFO]-[YYF100.FrmMain]-[WriteLog] -> 获取阅读器本地高级参数成功
[2025-10-15 13:34:35,774]-[1]-[INFO]-[YYF100.FrmMain]-[WriteLog] -> 高级设置访问密码：FF FF FF FF
[2025-10-15 13:34:36,102]-[1]-[INFO]-[YYF100.FrmMain]-[WriteLog] -> 阅读器本地高级参数设置成功
[2025-10-15 13:34:39,583]-[1]-[INFO]-[YYF100.FrmMain]-[WriteLog] -> 高级设置访问密码：FF FF FF FF
[2025-10-15 13:34:39,655]-[1]-[INFO]-[YYF100.FrmMain]-[WriteLog] -> 阅读器本地高级参数设置成功
[2025-10-15 13:34:44,200]-[1]-[INFO]-[YYF100.FrmMain]-[WriteLog] -> 关闭阅读器
[2025-10-15 13:34:45,872]-[1]-[INFO]-[YYF100.Program+StartService]-[Stop] -> Stopping log.Info....
[2025-10-15 13:34:45,872]-[1]-[ERROR]-[YYF100.Program+StartService]-[Stop] -> Stopping log.Error....
[2025-10-15 13:35:24,701]-[1]-[INFO]-[YYF100.Program+StartService]-[Start] -> Starting log.Info....
[2025-10-15 13:35:24,746]-[1]-[ERROR]-[YYF100.Program+StartService]-[Start] -> Starting log.Error....
[2025-10-15 13:35:30,932]-[1]-[INFO]-[YYF100.Program+StartService]-[Stop] -> Stopping log.Info....
[2025-10-15 13:35:30,933]-[1]-[ERROR]-[YYF100.Program+StartService]-[Stop] -> Stopping log.Error....
[2025-10-15 13:35:33,112]-[1]-[INFO]-[YYF100.Program+StartService]-[Start] -> Starting log.Info....
[2025-10-15 13:35:33,130]-[1]-[ERROR]-[YYF100.Program+StartService]-[Start] -> Starting log.Error....
[2025-10-15 13:35:35,595]-[1]-[INFO]-[YYF100.Program+StartService]-[Stop] -> Stopping log.Info....
[2025-10-15 13:35:35,596]-[1]-[ERROR]-[YYF100.Program+StartService]-[Stop] -> Stopping log.Error....
